<?xml version="1.0" encoding="UTF-8"?>
<testng-results skipped="0" failed="1" ignored="0" total="4" passed="3">
  <reporter-output>
  </reporter-output>
  <suite name="Suite" duration-ms="41757" started-at="2020-04-05T01:56:20 IST" finished-at="2020-04-05T01:57:02 IST">
    <groups>
    </groups>
    <test name="Validating Text" duration-ms="9916" started-at="2020-04-05T01:56:20 IST" finished-at="2020-04-05T01:56:30 IST">
      <class name="MavenE2Eproject.ValidateText">
        <test-method status="PASS" signature="initilize()[pri:0, instance:MavenE2Eproject.ValidateText@10e31a9a]" name="initilize" is-config="true" duration-ms="9485" started-at="2020-04-05T01:56:20 IST" finished-at="2020-04-05T01:56:30 IST">
          <reporter-output>
          </reporter-output>
        </test-method> <!-- initilize -->
        <test-method status="FAIL" signature="BasePagenavigation()[pri:0, instance:MavenE2Eproject.ValidateText@10e31a9a]" name="BasePagenavigation" duration-ms="97" started-at="2020-04-05T01:56:30 IST" finished-at="2020-04-05T01:56:30 IST">
          <exception class="java.lang.AssertionError">
            <message>
              <![CDATA[expected [FEATURED COURSES1] but found [FEATURED COURSES]]]>
            </message>
            <full-stacktrace>
              <![CDATA[java.lang.AssertionError: expected [FEATURED COURSES1] but found [FEATURED COURSES]
at org.testng.Assert.fail(Assert.java:97)
at org.testng.Assert.assertEqualsImpl(Assert.java:136)
at org.testng.Assert.assertEquals(Assert.java:118)
at org.testng.Assert.assertEquals(Assert.java:575)
at org.testng.Assert.assertEquals(Assert.java:585)
at MavenE2Eproject.ValidateText.BasePagenavigation(ValidateText.java:31)
at sun.reflect.NativeMethodAccessorImpl.invoke0(Native Method)
at sun.reflect.NativeMethodAccessorImpl.invoke(Unknown Source)
at sun.reflect.DelegatingMethodAccessorImpl.invoke(Unknown Source)
at java.lang.reflect.Method.invoke(Unknown Source)
at org.testng.internal.MethodInvocationHelper.invokeMethod(MethodInvocationHelper.java:133)
at org.testng.internal.TestInvoker.invokeMethod(TestInvoker.java:584)
at org.testng.internal.TestInvoker.invokeTestMethod(TestInvoker.java:172)
at org.testng.internal.MethodRunner.runInSequence(MethodRunner.java:46)
at org.testng.internal.TestInvoker$MethodInvocationAgent.invoke(TestInvoker.java:804)
at org.testng.internal.TestInvoker.invokeTestMethods(TestInvoker.java:145)
at org.testng.internal.TestMethodWorker.invokeTestMethods(TestMethodWorker.java:146)
at org.testng.internal.TestMethodWorker.run(TestMethodWorker.java:128)
at java.util.ArrayList.forEach(Unknown Source)
at org.testng.TestRunner.privateRun(TestRunner.java:770)
at org.testng.TestRunner.run(TestRunner.java:591)
at org.testng.SuiteRunner.runTest(SuiteRunner.java:402)
at org.testng.SuiteRunner.runSequentially(SuiteRunner.java:396)
at org.testng.SuiteRunner.privateRun(SuiteRunner.java:355)
at org.testng.SuiteRunner.run(SuiteRunner.java:304)
at org.testng.SuiteRunnerWorker.runSuite(SuiteRunnerWorker.java:53)
at org.testng.SuiteRunnerWorker.run(SuiteRunnerWorker.java:96)
at org.testng.TestNG.runSuitesSequentially(TestNG.java:1180)
at org.testng.TestNG.runSuitesLocally(TestNG.java:1102)
at org.testng.TestNG.runSuites(TestNG.java:1032)
at org.testng.TestNG.run(TestNG.java:1000)
at org.testng.remote.AbstractRemoteTestNG.run(AbstractRemoteTestNG.java:115)
at org.testng.remote.RemoteTestNG.initAndRun(RemoteTestNG.java:251)
at org.testng.remote.RemoteTestNG.main(RemoteTestNG.java:77)
]]>
            </full-stacktrace>
          </exception> <!-- java.lang.AssertionError -->
          <reporter-output>
          </reporter-output>
        </test-method> <!-- BasePagenavigation -->
        <test-method status="PASS" signature="tear()[pri:0, instance:MavenE2Eproject.ValidateText@10e31a9a]" name="tear" is-config="true" duration-ms="247" started-at="2020-04-05T01:56:30 IST" finished-at="2020-04-05T01:56:30 IST">
          <reporter-output>
          </reporter-output>
        </test-method> <!-- tear -->
      </class> <!-- MavenE2Eproject.ValidateText -->
    </test> <!-- Validating Text -->
    <test name="Validating Navigation Bar" duration-ms="7634" started-at="2020-04-05T01:56:30 IST" finished-at="2020-04-05T01:56:38 IST">
      <class name="MavenE2Eproject.ValidateNavigationBar">
        <test-method status="PASS" signature="initilise()[pri:0, instance:MavenE2Eproject.ValidateNavigationBar@38d8f54a]" name="initilise" is-config="true" duration-ms="7285" started-at="2020-04-05T01:56:30 IST" finished-at="2020-04-05T01:56:38 IST">
          <reporter-output>
          </reporter-output>
        </test-method> <!-- initilise -->
        <test-method status="PASS" signature="BasePagenavigation()[pri:0, instance:MavenE2Eproject.ValidateNavigationBar@38d8f54a]" name="BasePagenavigation" duration-ms="172" started-at="2020-04-05T01:56:38 IST" finished-at="2020-04-05T01:56:38 IST">
          <reporter-output>
          </reporter-output>
        </test-method> <!-- BasePagenavigation -->
        <test-method status="PASS" signature="tear()[pri:0, instance:MavenE2Eproject.ValidateNavigationBar@38d8f54a]" name="tear" is-config="true" duration-ms="170" started-at="2020-04-05T01:56:38 IST" finished-at="2020-04-05T01:56:38 IST">
          <reporter-output>
          </reporter-output>
        </test-method> <!-- tear -->
      </class> <!-- MavenE2Eproject.ValidateNavigationBar -->
    </test> <!-- Validating Navigation Bar -->
    <test name="App testing" duration-ms="2" started-at="2020-04-05T01:56:38 IST" finished-at="2020-04-05T01:56:38 IST">
    </test> <!-- App testing -->
    <test name="Trying Login" duration-ms="24037" started-at="2020-04-05T01:56:38 IST" finished-at="2020-04-05T01:57:02 IST">
      <class name="MavenE2Eproject.HomePage">
        <test-method status="PASS" signature="initilize()[pri:0, instance:MavenE2Eproject.HomePage@740cae06]" name="initilize" is-config="true" duration-ms="5450" started-at="2020-04-05T01:56:38 IST" finished-at="2020-04-05T01:56:44 IST">
          <reporter-output>
          </reporter-output>
        </test-method> <!-- initilize -->
        <test-method status="PASS" signature="BasePagenavigation(java.lang.String, java.lang.String)[pri:0, instance:MavenE2Eproject.HomePage@740cae06]" name="BasePagenavigation" duration-ms="10550" started-at="2020-04-05T01:56:44 IST" data-provider="getData" finished-at="2020-04-05T01:56:54 IST">
          <params>
            <param index="0">
              <value>
                <![CDATA[Restricted@User.com]]>
              </value>
            </param>
            <param index="1">
              <value>
                <![CDATA[123abx]]>
              </value>
            </param>
          </params>
          <reporter-output>
          </reporter-output>
        </test-method> <!-- BasePagenavigation -->
        <test-method status="PASS" signature="BasePagenavigation(java.lang.String, java.lang.String)[pri:0, instance:MavenE2Eproject.HomePage@740cae06]" name="BasePagenavigation" duration-ms="7898" started-at="2020-04-05T01:56:54 IST" data-provider="getData" finished-at="2020-04-05T01:57:02 IST">
          <params>
            <param index="0">
              <value>
                <![CDATA[Non-Restricted@users.com]]>
              </value>
            </param>
            <param index="1">
              <value>
                <![CDATA[123456]]>
              </value>
            </param>
          </params>
          <reporter-output>
          </reporter-output>
        </test-method> <!-- BasePagenavigation -->
        <test-method status="PASS" signature="tear()[pri:0, instance:MavenE2Eproject.HomePage@740cae06]" name="tear" is-config="true" duration-ms="119" started-at="2020-04-05T01:57:02 IST" finished-at="2020-04-05T01:57:02 IST">
          <reporter-output>
          </reporter-output>
        </test-method> <!-- tear -->
      </class> <!-- MavenE2Eproject.HomePage -->
    </test> <!-- Trying Login -->
  </suite> <!-- Suite -->
</testng-results>
